<?xml version="1.0" encoding="UTF-8" ?>
<testsuite failures="0" time="0.532" errors="0" skipped="0" tests="3" name="clove.neptune.bpeldeployment.xsl.WSDLHelperTest">
  <properties>
[...]
</properties>
  <testcase time="0.5" classname="clove.neptune.bpeldeployment.xsl.WSDLHelperTest" name="testGetPortType"/>
  <testcase time="0" classname="clove.neptune.bpeldeployment.xsl.WSDLHelperTest" name="testGetService"/>
  <testcase time="0" classname="clove.neptune.bpeldeployment.xsl.WSDLHelperTest" name="testGetPort"/>
</testsuite>